make all --print-data-base --no-builtin-variables --no-builtin-rules --question
# GNU Make 3.81
# Copyright (C) 2006  Free Software Foundation, Inc.
# This is free software; see the source for copying conditions.
# There is NO warranty; not even for MERCHANTABILITY or FITNESS FOR A
# PARTICULAR PURPOSE.

# This program built for i386-apple-darwin11.3.0
 

# Make data base, printed on Tue Oct  5 09:20:09 2021

# Variables

# automatic
<D = $(patsubst %/,%,$(dir $<))
# automatic
?F = $(notdir $?)
# environment
VSCODE_LOG_NATIVE = false
 
# automatic
?D = $(patsubst %/,%,$(dir $?))
# makefile (from `Makefile', line 41)
INCLUDES = $(addprefix $(INC_PATH), $(INC_FILES))
# automatic
@D = $(patsubst %/,%,$(dir $@))
# automatic
@F = $(notdir $@)
# makefile
CURDIR := /Users/mmondell/Documents/42Cursus/42minishell
# makefile
SHELL = /bin/sh
# makefile (from `Makefile', line 21)
RM = rm -rf
# environment
VSCODE_NLS_CONFIG = {"locale":"en-us","availableLanguages":{},"_languagePackSupport":true}
# environment
_ = /usr/bin/make
# makefile (from `Makefile', line 20)
CFLAGS = -Wall -Werror -Wextra -g
# makefile (from `Makefile', line 1)
MAKEFILE_LIST :=  Makefile
# environment
VSCODE_VERBOSE_LOGGING = true
# makefile (from `Makefile', line 42)
OBJS = $(addprefix $(OBJS_PATH), $(OBJS_FILES))
# environment
VSCODE_IPC_HOOK_EXTHOST = /var/folders/zz/zyxvpxvq6csfxvn_n000c_rm0032p5/T/vscode-ipc-b5568ca5-e624-41e0-a66e-392c37a7b6c9.sock
# makefile (from `Makefile', line 16)
OBJS_PATH = objs/
# environment
VSCODE_CWD = /
# environment
PATH = /usr/bin:/bin:/usr/sbin:/sbin
# makefile (from `Makefile', line 44)
VPATH = $(SRCS_PATH) $(PARSE_PATH) $(EXEC_PATH)
# environment
LaunchInstanceID = F2B20D99-71F2-47E3-BD94-D8D9F3C3844F
# environment
VSCODE_LOG_STACK = false
# environment
ELECTRON_RUN_AS_NODE = 1
# default
.FEATURES := target-specific order-only second-expansion else-if archives jobserver check-symlink
# environment
SSH_AUTH_SOCK = /private/tmp/com.apple.launchd.I3eCHyKAAQ/Listeners
# automatic
%F = $(notdir $%)
# environment
VSCODE_PIPE_LOGGING = true
# makefile (from `Makefile', line 28)
EXEC_FILES = ms_cd.c ms_export.c ms_pwd_echo_env.c ms_unset.c
# makefile (from `Makefile', line 27)
SRCS_FILES = minishell.c ms_signals.c ms_envp_utils.c ms_exec_error.c
# environment
PWD = /Users/mmondell/Documents/42Cursus/42minishell
# environment
ORIGINAL_XDG_CURRENT_DESKTOP = undefined
# environment
VSCODE_AMD_ENTRYPOINT = vs/workbench/services/extensions/node/extensionHostProcess
# environment
HOME = /Users/mmondell
# default
MAKEFILEPATH := /Applications/Xcode.app/Contents/Developer/Makefiles
# environment
VSCODE_CODE_CACHE_PATH = /Users/mmondell/Library/Application Support/Code/CachedData/3866c3553be8b268c8a7f8c0482c0c0177aa8bfa
# environment
LOGNAME = mmondell
# environment
APPLICATION_INSIGHTS_NO_DIAGNOSTIC_CHANNEL = true
# environment
VSCODE_HANDLES_UNCAUGHT_ERRORS = true
# automatic
^D = $(patsubst %/,%,$(dir $^))
# makefile (from `Makefile', line 26)
INC_FILES = minishell.h token.h parse.h exec.h
# environment
XPC_FLAGS = 0x0
# default
MAKE = $(MAKE_COMMAND)
# default
MAKECMDGOALS := all
# makefile (from `Makefile', line 35)
SRCS = $(addprefix $(SRCS_PATH), $(SRCS_FILES))
# environment
SHLVL = 1
# makefile (from `Makefile', line 29)
PARSE_FILES = parse_input.c parse_utils.c token_lst_utils.c token_utils.c tokens.c
# makefile (from `Makefile', line 24)
LIBFT = ft
# makefile (from `Makefile', line 19)
CC = gcc
# default
MAKE_VERSION := 3.81
# environment
USER = mmondell
# makefile
.DEFAULT_GOAL := minishell
# makefile (from `Makefile', line 18)
LIB_PATH = lib/
# makefile (from `Makefile', line 13)
NAME = minishell
# automatic
%D = $(patsubst %/,%,$(dir $%))
# makefile (from `Makefile', line 33)
PARSE_PATH = $(SRCS_PATH)parsing
# default
MAKE_COMMAND := /Applications/Xcode.app/Contents/Developer/usr/bin/make
# default
.VARIABLES := 
# environment
TMPDIR = /var/folders/zz/zyxvpxvq6csfxvn_n000c_rm0032p5/T/
# automatic
*F = $(notdir $*)
# environment
VSCODE_IPC_HOOK = /Users/mmondell/Library/Application Support/Code/1.59.1-main.sock
# makefile
MAKEFLAGS = Rrqp
# environment
MFLAGS = -Rrqp
# automatic
*D = $(patsubst %/,%,$(dir $*))
# environment
XPC_SERVICE_NAME = com.apple.xpc.launchd.oneshot.0x10000005.Electron
# automatic
+D = $(patsubst %/,%,$(dir $+))
# automatic
+F = $(notdir $+)
# environment
__CF_USER_TEXT_ENCODING = 0x18AC5:0x0:0x0
# environment
COMMAND_MODE = unix2003
# default
MAKEFILES := 
# environment
VSCODE_BROWSER_CODE_LOADING = bypassHeatCheck
# automatic
<F = $(notdir $<)
# makefile (from `Makefile', line 39)
OBJS_FILES = $(SRCS_FILES:.c=.o) $(PARSE_FILES:.c=.o) $(EXEC_FILES:.c=.o)
# makefile (from `Makefile', line 17)
SRCS_PATH = srcs/
# makefile (from `Makefile', line 23)
LIBFT_PATH = libft/
# makefile (from `Makefile', line 37)
EXEC_SRCS = $(addprefix $(EXEC_PATH), $(EXEC_FILES))
# environment
LC_ALL = C
# makefile (from `Makefile', line 32)
EXEC_PATH = $(SRCS_PATH)exec
# environment
SECURITYSESSIONID = 186a7
# automatic
^F = $(notdir $^)
# default
SUFFIXES := 
# default
.INCLUDE_DIRS = /usr/local/include
# environment
MAKELEVEL := 0
# makefile (from `Makefile', line 15)
INC_PATH = includes/
# makefile (from `Makefile', line 36)
PARSE_SRCS = $(addprefix $(PARSE_PATH), $(PARSE_FILES))
# environment
LANG = C
# environment
VSCODE_PID = 82692
# variable set hash-table stats:
# Load=87/1024=8%, Rehash=0, Collisions=7/133=5%

# Pattern-specific Variable Values

# No pattern-specific variable values.

# Directories

# srcs/parsing/objs: could not be stat'd.
# . (device 16777225, inode 1978090): 11 files, no impossibilities.
# srcs/exec (device 16777225, inode 1978242): 7 files, no impossibilities.
# srcs (device 16777225, inode 1978240): 9 files, no impossibilities.
# srcs/objs: could not be stat'd.
# srcs/exec/objs: could not be stat'd.
# srcs/parsing (device 16777225, inode 1978249): 7 files, no impossibilities.

# 34 files, no impossibilities in 7 directories.

# Implicit Rules

objs/%.o: %.c
#  commands to execute (from `Makefile', line 47):
	$(CC) $(CFLAGS) -I$(INC_PATH) -I$(LIBFT_PATH) -c $< -o $@
	

# 1 implicit rules, 0 (0.0%) terminal.

# Files

# Not a target:
srcs/ms_envp_utils.c:
#  Implicit rule search has been done.
#  Last modified 2021-10-05 08:17:47
#  File has been updated.
#  Successfully updated.
# variable set hash-table stats:
# Load=0/32=0%, Rehash=0, Collisions=0/0=0%

# Not a target:
objs/token_utils.o:
#  Implicit rule search has not been done.
#  Modification time never checked.
#  File has not been updated.

all: minishell
#  Phony target (prerequisite of .PHONY).
#  Command-line target.
#  Implicit rule search has not been done.
#  File does not exist.
#  File has been updated.
#  Needs to be updated (-q is set).
# variable set hash-table stats:
# Load=0/32=0%, Rehash=0, Collisions=0/6=0%

.PHONY: all clean fclean re
#  Implicit rule search has not been done.
#  Modification time never checked.
#  File has not been updated.

# Not a target:
objs/parse_utils.o:
#  Implicit rule search has not been done.
#  Modification time never checked.
#  File has not been updated.

objs/ms_exec_error.o: srcs/ms_exec_error.c
#  Implicit rule search has been done.
#  Implicit/static pattern stem: `ms_exec_error'
#  Last modified 2021-10-05 09:16:57
#  File has been updated.
#  Successfully updated.
# variable set hash-table stats:
# Load=0/32=0%, Rehash=0, Collisions=0/0=0%
#  commands to execute (from `Makefile', line 47):
	$(CC) $(CFLAGS) -I$(INC_PATH) -I$(LIBFT_PATH) -c $< -o $@
	

# Not a target:
.SUFFIXES:
#  Implicit rule search has not been done.
#  Modification time never checked.
#  File has not been updated.

# Not a target:
Makefile:
#  Implicit rule search has been done.
#  Last modified 2021-10-05 09:19:55
#  File has been updated.
#  Successfully updated.
# variable set hash-table stats:
# Load=0/32=0%, Rehash=0, Collisions=0/0=0%

objs/:
#  Implicit rule search has not been done.
#  Last modified 2021-10-05 09:19:57
#  File has been updated.
#  Successfully updated.
#  commands to execute (from `Makefile', line 55):
	@mkdir -p $(OBJS_PATH)
	@echo Created: Object directory
	

# Not a target:
objs/ms_unset.o:
#  Implicit rule search has not been done.
#  Modification time never checked.
#  File has not been updated.

# Not a target:
srcs/parsing/parse_input.c:
#  Implicit rule search has been done.
#  Last modified 2021-10-05 08:15:26
#  File has been updated.
#  Successfully updated.
# variable set hash-table stats:
# Load=0/32=0%, Rehash=0, Collisions=0/0=0%

# Not a target:
srcs/ms_exec_error.c:
#  Implicit rule search has been done.
#  Last modified 2021-10-05 08:17:47
#  File has been updated.
#  Successfully updated.
# variable set hash-table stats:
 
# Load=0/32=0%, Rehash=0, Collisions=0/0=0%

minishell: objs/ objs/minishell.o objs/ms_signals.o objs/ms_envp_utils.o objs/ms_exec_error.o objs/parse_input.o objs/parse_utils.o objs/token_lst_utils.o objs/token_utils.o objs/tokens.o objs/ms_cd.o objs/ms_export.o objs/ms_pwd_echo_env.o objs/ms_unset.o
#  Implicit rule search has not been done.
#  File does not exist.
#  File has been updated.
#  Needs to be updated (-q is set).
# variable set hash-table stats:
# Load=0/32=0%, Rehash=0, Collisions=0/6=0%
#  commands to execute (from `Makefile', line 50):
	@make re --no-print-directory -C $(LIBFT_PATH)
	@$(CC) $(OBJS) -L$(LIBFT_PATH) -l$(LIBFT) -L$(LIB_PATH) -lreadline -lcurses -o $(NAME)
	@echo "\\n\033[32;1m MINISHELL IS READY \033[0m \\n"
	

objs/parse_input.o: srcs/parsing/parse_input.c
#  Implicit rule search has been done.
#  Implicit/static pattern stem: `parse_input'
#  File does not exist.
#  File has been updated.
#  Needs to be updated (-q is set).
# automatic
# @ := objs/parse_input.o
# automatic
# % := 
# automatic
# * := parse_input
# automatic
# + := srcs/parsing/parse_input.c
# automatic
# | := 
# automatic
# < := srcs/parsing/parse_input.c
# automatic
# ^ := srcs/parsing/parse_input.c
# automatic
# ? := srcs/parsing/parse_input.c
# variable set hash-table stats:
# Load=8/32=25%, Rehash=0, Collisions=1/16=6%
#  commands to execute (from `Makefile', line 47):
	$(CC) $(CFLAGS) -I$(INC_PATH) -I$(LIBFT_PATH) -c $< -o $@
	

fclean: clean
#  Phony target (prerequisite of .PHONY).
#  Implicit rule search has not been done.
#  File does not exist.
#  File has not been updated.
#  commands to execute (from `Makefile', line 66):
	@make fclean --no-print-directory -C ./libft
	@$(RM) $(NAME)
	@echo "\033[34;1m FCLEAN DONE \033[0m"
	

# Not a target:
objs/ms_cd.o:
#  Implicit rule search has not been done.
#  Modification time never checked.
#  File has not been updated.

# Not a target:
objs/ms_pwd_echo_env.o:
#  Implicit rule search has not been done.
#  Modification time never checked.
#  File has not been updated.

# Not a target:
.DEFAULT:
#  Implicit rule search has not been done.
#  Modification time never checked.
#  File has not been updated.

objs/ms_signals.o: srcs/ms_signals.c
#  Implicit rule search has been done.
#  Implicit/static pattern stem: `ms_signals'
#  Last modified 2021-10-05 09:16:57
#  File has been updated.
#  Successfully updated.
# variable set hash-table stats:
# Load=0/32=0%, Rehash=0, Collisions=0/0=0%
#  commands to execute (from `Makefile', line 47):
	$(CC) $(CFLAGS) -I$(INC_PATH) -I$(LIBFT_PATH) -c $< -o $@
	

re: fclean all
#  Phony target (prerequisite of .PHONY).
#  Implicit rule search has not been done.
#  File does not exist.
#  File has not been updated.

clean:
#  Phony target (prerequisite of .PHONY).
#  Implicit rule search has not been done.
#  File does not exist.
#  File has not been updated.
#  commands to execute (from `Makefile', line 61):
	@make clean --no-print-directory -C ./libft
	@$(RM) $(OBJS_FILES) $(OBJS_PATH) 
	@echo "\033[34;1m CLEAN DONE \033[0m"
	

objs/minishell.o: srcs/minishell.c
#  Implicit rule search has been done.
#  Implicit/static pattern stem: `minishell'
#  Last modified 2021-10-05 09:16:57
#  File has been updated.
#  Successfully updated.
# variable set hash-table stats:
# Load=0/32=0%, Rehash=0, Collisions=0/0=0%
#  commands to execute (from `Makefile', line 47):
	$(CC) $(CFLAGS) -I$(INC_PATH) -I$(LIBFT_PATH) -c $< -o $@
	

# Not a target:
objs/token_lst_utils.o:
#  Implicit rule search has not been done.
#  Modification time never checked.
#  File has not been updated.

# Not a target:
objs/ms_export.o:
#  Implicit rule search has not been done.
#  Modification time never checked.
#  File has not been updated.

objs/ms_envp_utils.o: srcs/ms_envp_utils.c
#  Implicit rule search has been done.
#  Implicit/static pattern stem: `ms_envp_utils'
#  Last modified 2021-10-05 09:16:57
#  File has been updated.
#  Successfully updated.
# variable set hash-table stats:
# Load=0/32=0%, Rehash=0, Collisions=0/0=0%
#  commands to execute (from `Makefile', line 47):
	$(CC) $(CFLAGS) -I$(INC_PATH) -I$(LIBFT_PATH) -c $< -o $@
	

# Not a target:
srcs/ms_signals.c:
#  Implicit rule search has been done.
#  Last modified 2021-10-05 08:17:47
#  File has been updated.
#  Successfully updated.
# variable set hash-table stats:
# Load=0/32=0%, Rehash=0, Collisions=0/0=0%

# Not a target:
srcs/minishell.c:
#  Implicit rule search has been done.
#  Last modified 2021-10-05 08:51:34
#  File has been updated.
#  Successfully updated.
# variable set hash-table stats:
# Load=0/32=0%, Rehash=0, Collisions=0/0=0%

# Not a target:
objs/tokens.o:
#  Implicit rule search has not been done.
#  Modification time never checked.
#  File has not been updated.

# files hash-table stats:
# Load=28/1024=3%, Rehash=0, Collisions=10/118=8%
# VPATH Search Paths

# No `vpath' search paths.

# General (`VPATH' variable) search path:
# srcs:srcs/parsing:srcs/exec

# # of strings in strcache: 1
# # of strcache buffers: 1
# strcache size: total = 4096 / max = 4096 / min = 4096 / avg = 4096
# strcache free: total = 4087 / max = 4087 / min = 4087 / avg = 4087

# Finished Make data base on Tue Oct  5 09:20:09 2021

 
